Using pre-set license
Built from '2020.3/staging' branch; Version is '2020.3.11f1 (99c7afb366b3) revision 10078127'; Using compiler version '192528614'; Build Type 'Release'
OS: 'Windows 10 Pro; OS build 19042.1348; Version 2009; 64bit' Language: 'en' Physical Memory: 6103 MB
BatchMode: 1, IsHumanControllingUs: 0, StartBugReporterOnCrash: 0, Is64bit: 1, IsPro: 0

 COMMAND LINE ARGUMENTS:
C:\Program Files\Unity\Hub\Editor\2020.3.11f1\Editor\Unity.exe
-adb2
-batchMode
-noUpm
-name
AssetImportWorker0
-projectPath
S:/Unity/Unity Projects/Photon-Ideas
-logFile
Logs/AssetImportWorker0.log
-srvPort
57296
Successfully changed project path to: S:/Unity/Unity Projects/Photon-Ideas
S:/Unity/Unity Projects/Photon-Ideas
Using Asset Import Pipeline V2.
Refreshing native plugins compatible for Editor in 71.78 ms, found 2 plugins.
Preloading 0 native plugins for Editor in 0.00 ms.
Initialize engine version: 2020.3.11f1 (99c7afb366b3)
[Subsystems] Discovering subsystems at path C:/Program Files/Unity/Hub/Editor/2020.3.11f1/Editor/Data/Resources/UnitySubsystems
[Subsystems] Discovering subsystems at path S:/Unity/Unity Projects/Photon-Ideas/Assets
GfxDevice: creating device client; threaded=0
Direct3D:
    Version:  Direct3D 11.0 [level 11.1]
    Renderer: AMD Radeon (TM) R9 200 Series (ID=0x6811)
    Vendor:   
    VRAM:     2027 MB
    Driver:   27.20.21003.1028
Initialize mono
Mono path[0] = 'C:/Program Files/Unity/Hub/Editor/2020.3.11f1/Editor/Data/Managed'
Mono path[1] = 'C:/Program Files/Unity/Hub/Editor/2020.3.11f1/Editor/Data/MonoBleedingEdge/lib/mono/unityjit'
Mono config path = 'C:/Program Files/Unity/Hub/Editor/2020.3.11f1/Editor/Data/MonoBleedingEdge/etc'
Using monoOptions --debugger-agent=transport=dt_socket,embedding=1,server=y,suspend=n,address=127.0.0.1:56996
Begin MonoManager ReloadAssembly
Registering precompiled unity dll's ...
Register platform support module: C:/Program Files/Unity/Hub/Editor/2020.3.11f1/Editor/Data/PlaybackEngines/WebGLSupport/UnityEditor.WebGL.Extensions.dll
Register platform support module: C:/Program Files/Unity/Hub/Editor/2020.3.11f1/Editor/Data/PlaybackEngines/WindowsStandaloneSupport/UnityEditor.WindowsStandalone.Extensions.dll
Registered in 0.005028 seconds.
Native extension for WindowsStandalone target not found
Native extension for WebGL target not found
Refreshing native plugins compatible for Editor in 63.84 ms, found 2 plugins.
Preloading 0 native plugins for Editor in 0.00 ms.
Mono: successfully reloaded assembly
- Completed reload, in  4.188 seconds
Platform modules already initialized, skipping
Registering precompiled user dll's ...
Registered in 0.008373 seconds.
Begin MonoManager ReloadAssembly
Native extension for WindowsStandalone target not found
Native extension for WebGL target not found
Refreshing native plugins compatible for Editor in 0.57 ms, found 2 plugins.
Preloading 0 native plugins for Editor in 0.00 ms.
Mono: successfully reloaded assembly
- Completed reload, in  2.310 seconds
Platform modules already initialized, skipping
========================================================================
Worker process is ready to serve import requests
Launched and connected shader compiler UnityShaderCompiler.exe after 0.10 seconds
Refreshing native plugins compatible for Editor in 1.15 ms, found 2 plugins.
Preloading 0 native plugins for Editor in 0.00 ms.
Unloading 1611 Unused Serialized files (Serialized files now loaded: 0)
System memory in use before: 72.8 MB.
System memory in use after: 72.8 MB.

Unloading 25 unused Assets to reduce memory usage. Loaded Objects now: 2040.
Total: 6.941400 ms (FindLiveObjects: 0.657300 ms CreateObjectMapping: 0.131900 ms MarkObjects: 5.932800 ms  DeleteObjects: 0.214300 ms)

========================================================================
Received Import Request.
  path: Assets/Scenes/SampleScene.unity
  artifactKey: Guid(9fc0d4010bbf28b4594072e72b8655ab) Importer(815301076,1909f56bfc062723c751e8b465ee728b)
Start importing Assets/Scenes/SampleScene.unity using Guid(9fc0d4010bbf28b4594072e72b8655ab) Importer(815301076,1909f56bfc062723c751e8b465ee728b)  -> (artifact id: 'bb33db23265849089db9936056df1095') in 0.044410 seconds
  Import took 0.132075 seconds .

========================================================================
Received Prepare
Registering precompiled user dll's ...
Registered in 0.006731 seconds.
Begin MonoManager ReloadAssembly
Native extension for WindowsStandalone target not found
Native extension for WebGL target not found
Refreshing native plugins compatible for Editor in 0.57 ms, found 2 plugins.
Preloading 0 native plugins for Editor in 0.00 ms.
Mono: successfully reloaded assembly
- Completed reload, in  1.643 seconds
Platform modules already initialized, skipping
Refreshing native plugins compatible for Editor in 0.54 ms, found 2 plugins.
Preloading 0 native plugins for Editor in 0.00 ms.
Unloading 1605 Unused Serialized files (Serialized files now loaded: 0)
System memory in use before: 72.6 MB.
System memory in use after: 72.7 MB.

Unloading 19 unused Assets to reduce memory usage. Loaded Objects now: 2044.
Total: 4.681600 ms (FindLiveObjects: 0.525300 ms CreateObjectMapping: 0.114100 ms MarkObjects: 3.853500 ms  DeleteObjects: 0.184600 ms)

========================================================================
Received Prepare
Registering precompiled user dll's ...
Registered in 0.017328 seconds.
Begin MonoManager ReloadAssembly
Native extension for WindowsStandalone target not found
Native extension for WebGL target not found
Refreshing native plugins compatible for Editor in 0.71 ms, found 2 plugins.
Preloading 0 native plugins for Editor in 0.00 ms.
Mono: successfully reloaded assembly
- Completed reload, in  1.646 seconds
Platform modules already initialized, skipping
Refreshing native plugins compatible for Editor in 0.58 ms, found 2 plugins.
Preloading 0 native plugins for Editor in 0.00 ms.
Unloading 1605 Unused Serialized files (Serialized files now loaded: 0)
System memory in use before: 72.7 MB.
System memory in use after: 72.8 MB.

Unloading 19 unused Assets to reduce memory usage. Loaded Objects now: 2048.
Total: 5.242100 ms (FindLiveObjects: 0.491700 ms CreateObjectMapping: 0.113800 ms MarkObjects: 4.460200 ms  DeleteObjects: 0.171300 ms)

========================================================================
Received Import Request.
  Time since last request: 923.109657 seconds.
  path: Assets/NetworkManager.cs
  artifactKey: Guid(f53b4ac36f42d1a48935c1e05250f6dd) Importer(815301076,1909f56bfc062723c751e8b465ee728b)
Start importing Assets/NetworkManager.cs using Guid(f53b4ac36f42d1a48935c1e05250f6dd) Importer(815301076,1909f56bfc062723c751e8b465ee728b)  -> (artifact id: 'f47cfa9991f659f67ebe67ee91cca929') in 0.059579 seconds
  Import took 0.064402 seconds .

========================================================================
Received Import Request.
  Time since last request: 82.880996 seconds.
  path: Assets/AssignPlayer.cs
  artifactKey: Guid(068deb074edc26644b004608a7c4c39a) Importer(815301076,1909f56bfc062723c751e8b465ee728b)
Start importing Assets/AssignPlayer.cs using Guid(068deb074edc26644b004608a7c4c39a) Importer(815301076,1909f56bfc062723c751e8b465ee728b)  -> (artifact id: 'd670b9ed1c9da16492d1197369f58075') in 0.020338 seconds
  Import took 0.025014 seconds .

========================================================================
Received Prepare
Registering precompiled user dll's ...
Registered in 0.020851 seconds.
Begin MonoManager ReloadAssembly
Native extension for WindowsStandalone target not found
Native extension for WebGL target not found
Refreshing native plugins compatible for Editor in 0.56 ms, found 2 plugins.
Preloading 0 native plugins for Editor in 0.00 ms.
Mono: successfully reloaded assembly
- Completed reload, in  1.675 seconds
Platform modules already initialized, skipping
Refreshing native plugins compatible for Editor in 0.59 ms, found 2 plugins.
Preloading 0 native plugins for Editor in 0.00 ms.
Unloading 1605 Unused Serialized files (Serialized files now loaded: 0)
System memory in use before: 72.7 MB.
System memory in use after: 72.8 MB.

Unloading 19 unused Assets to reduce memory usage. Loaded Objects now: 2052.
Total: 4.836500 ms (FindLiveObjects: 0.371700 ms CreateObjectMapping: 0.099800 ms MarkObjects: 4.179000 ms  DeleteObjects: 0.181500 ms)

========================================================================
Received Prepare
Registering precompiled user dll's ...
Registered in 0.008342 seconds.
Begin MonoManager ReloadAssembly
Native extension for WindowsStandalone target not found
Native extension for WebGL target not found
Refreshing native plugins compatible for Editor in 0.60 ms, found 2 plugins.
Preloading 0 native plugins for Editor in 0.00 ms.
Mono: successfully reloaded assembly
- Completed reload, in  1.823 seconds
Platform modules already initialized, skipping
Refreshing native plugins compatible for Editor in 1.09 ms, found 2 plugins.
Preloading 0 native plugins for Editor in 0.00 ms.
Unloading 1605 Unused Serialized files (Serialized files now loaded: 0)
System memory in use before: 72.7 MB.
System memory in use after: 72.8 MB.

Unloading 19 unused Assets to reduce memory usage. Loaded Objects now: 2056.
Total: 2.801900 ms (FindLiveObjects: 0.228400 ms CreateObjectMapping: 0.092100 ms MarkObjects: 2.399400 ms  DeleteObjects: 0.080100 ms)

========================================================================
Received Prepare
Registering precompiled user dll's ...
Registered in 0.007031 seconds.
Begin MonoManager ReloadAssembly
Native extension for WindowsStandalone target not found
Native extension for WebGL target not found
Refreshing native plugins compatible for Editor in 0.63 ms, found 2 plugins.
Preloading 0 native plugins for Editor in 0.00 ms.
Mono: successfully reloaded assembly
- Completed reload, in  1.888 seconds
Platform modules already initialized, skipping
Refreshing native plugins compatible for Editor in 1.19 ms, found 2 plugins.
Preloading 0 native plugins for Editor in 0.00 ms.
Unloading 1605 Unused Serialized files (Serialized files now loaded: 0)
System memory in use before: 72.7 MB.
System memory in use after: 72.8 MB.

Unloading 19 unused Assets to reduce memory usage. Loaded Objects now: 2060.
Total: 2.741800 ms (FindLiveObjects: 0.212200 ms CreateObjectMapping: 0.091200 ms MarkObjects: 2.362600 ms  DeleteObjects: 0.074100 ms)

========================================================================
Received Prepare
Registering precompiled user dll's ...
Registered in 0.009237 seconds.
Begin MonoManager ReloadAssembly
Native extension for WindowsStandalone target not found
Native extension for WebGL target not found
Refreshing native plugins compatible for Editor in 0.60 ms, found 2 plugins.
Preloading 0 native plugins for Editor in 0.00 ms.
Mono: successfully reloaded assembly
- Completed reload, in  2.211 seconds
Platform modules already initialized, skipping
Refreshing native plugins compatible for Editor in 1.22 ms, found 2 plugins.
Preloading 0 native plugins for Editor in 0.00 ms.
Unloading 1605 Unused Serialized files (Serialized files now loaded: 0)
System memory in use before: 72.7 MB.
System memory in use after: 72.8 MB.

Unloading 19 unused Assets to reduce memory usage. Loaded Objects now: 2064.
Total: 2.707400 ms (FindLiveObjects: 0.215000 ms CreateObjectMapping: 0.092000 ms MarkObjects: 2.324200 ms  DeleteObjects: 0.074400 ms)

========================================================================
Received Prepare
Registering precompiled user dll's ...
Registered in 0.008328 seconds.
Begin MonoManager ReloadAssembly
Native extension for WindowsStandalone target not found
Native extension for WebGL target not found
Refreshing native plugins compatible for Editor in 0.56 ms, found 2 plugins.
Preloading 0 native plugins for Editor in 0.00 ms.
Mono: successfully reloaded assembly
- Completed reload, in  1.691 seconds
Platform modules already initialized, skipping
Refreshing native plugins compatible for Editor in 0.74 ms, found 2 plugins.
Preloading 0 native plugins for Editor in 0.00 ms.
Unloading 1605 Unused Serialized files (Serialized files now loaded: 0)
System memory in use before: 72.7 MB.
System memory in use after: 72.8 MB.

Unloading 19 unused Assets to reduce memory usage. Loaded Objects now: 2068.
Total: 2.880900 ms (FindLiveObjects: 0.193300 ms CreateObjectMapping: 0.082600 ms MarkObjects: 2.528300 ms  DeleteObjects: 0.074500 ms)

========================================================================
Received Import Request.
  Time since last request: 1442.334867 seconds.
  path: Assets/Resources/Network UI.prefab
  artifactKey: Guid(1d8df82454f52744980b75f231bc8589) Importer(815301076,1909f56bfc062723c751e8b465ee728b)
Start importing Assets/Resources/Network UI.prefab using Guid(1d8df82454f52744980b75f231bc8589) Importer(815301076,1909f56bfc062723c751e8b465ee728b)  -> (artifact id: 'de31702f342e964cfce7e7f378463d38') in 0.109602 seconds
  Import took 0.114679 seconds .

========================================================================
Received Import Request.
  Time since last request: 1.686432 seconds.
  path: Assets/Resources/Network UI.prefab
  artifactKey: Guid(1d8df82454f52744980b75f231bc8589) Importer(815301076,1909f56bfc062723c751e8b465ee728b)
Start importing Assets/Resources/Network UI.prefab using Guid(1d8df82454f52744980b75f231bc8589) Importer(815301076,1909f56bfc062723c751e8b465ee728b)  -> (artifact id: '07d185a8d4eff7095a1ffdac927e4ded') in 0.010153 seconds
  Import took 0.015681 seconds .

========================================================================
Received Prepare
Registering precompiled user dll's ...
Registered in 0.007081 seconds.
Begin MonoManager ReloadAssembly
Native extension for WindowsStandalone target not found
Native extension for WebGL target not found
Refreshing native plugins compatible for Editor in 0.56 ms, found 2 plugins.
Preloading 0 native plugins for Editor in 0.00 ms.
Mono: successfully reloaded assembly
- Completed reload, in  1.725 seconds
Platform modules already initialized, skipping
Refreshing native plugins compatible for Editor in 1.34 ms, found 2 plugins.
Preloading 0 native plugins for Editor in 0.00 ms.
Unloading 1605 Unused Serialized files (Serialized files now loaded: 0)
System memory in use before: 72.8 MB.
System memory in use after: 72.9 MB.

Unloading 20 unused Assets to reduce memory usage. Loaded Objects now: 2074.
Total: 4.546700 ms (FindLiveObjects: 0.799900 ms CreateObjectMapping: 0.161500 ms MarkObjects: 3.471600 ms  DeleteObjects: 0.104700 ms)

========================================================================
Received Prepare
Registering precompiled user dll's ...
Registered in 0.005979 seconds.
Begin MonoManager ReloadAssembly
Native extension for WindowsStandalone target not found
Native extension for WebGL target not found
Refreshing native plugins compatible for Editor in 0.58 ms, found 2 plugins.
Preloading 0 native plugins for Editor in 0.00 ms.
Mono: successfully reloaded assembly
- Completed reload, in  1.724 seconds
Platform modules already initialized, skipping
Refreshing native plugins compatible for Editor in 0.60 ms, found 2 plugins.
Preloading 0 native plugins for Editor in 0.00 ms.
Unloading 1605 Unused Serialized files (Serialized files now loaded: 0)
System memory in use before: 72.8 MB.
System memory in use after: 72.9 MB.

Unloading 19 unused Assets to reduce memory usage. Loaded Objects now: 2078.
Total: 3.469900 ms (FindLiveObjects: 0.446700 ms CreateObjectMapping: 0.105100 ms MarkObjects: 2.830700 ms  DeleteObjects: 0.084200 ms)

========================================================================
Received Prepare
Registering precompiled user dll's ...
Registered in 0.007192 seconds.
Begin MonoManager ReloadAssembly
Native extension for WindowsStandalone target not found
Native extension for WebGL target not found
Refreshing native plugins compatible for Editor in 0.61 ms, found 2 plugins.
Preloading 0 native plugins for Editor in 0.00 ms.
Mono: successfully reloaded assembly
- Completed reload, in  1.748 seconds
Platform modules already initialized, skipping
Refreshing native plugins compatible for Editor in 0.63 ms, found 2 plugins.
Preloading 0 native plugins for Editor in 0.00 ms.
Unloading 1605 Unused Serialized files (Serialized files now loaded: 0)
System memory in use before: 72.8 MB.
System memory in use after: 72.9 MB.

Unloading 19 unused Assets to reduce memory usage. Loaded Objects now: 2082.
Total: 5.301300 ms (FindLiveObjects: 0.493300 ms CreateObjectMapping: 0.121600 ms MarkObjects: 4.492600 ms  DeleteObjects: 0.188700 ms)

========================================================================
Received Prepare
Registering precompiled user dll's ...
Registered in 0.007215 seconds.
Begin MonoManager ReloadAssembly
Native extension for WindowsStandalone target not found
Native extension for WebGL target not found
Refreshing native plugins compatible for Editor in 0.87 ms, found 2 plugins.
Preloading 0 native plugins for Editor in 0.00 ms.
Mono: successfully reloaded assembly
- Completed reload, in  1.699 seconds
Platform modules already initialized, skipping
Refreshing native plugins compatible for Editor in 0.58 ms, found 2 plugins.
Preloading 0 native plugins for Editor in 0.00 ms.
Unloading 1605 Unused Serialized files (Serialized files now loaded: 0)
System memory in use before: 72.9 MB.
System memory in use after: 72.9 MB.

Unloading 19 unused Assets to reduce memory usage. Loaded Objects now: 2086.
Total: 5.169600 ms (FindLiveObjects: 0.408800 ms CreateObjectMapping: 0.112300 ms MarkObjects: 4.556200 ms  DeleteObjects: 0.088800 ms)

========================================================================
Received Import Request.
  Time since last request: 422.592135 seconds.
  path: Assets/Resources/Player.prefab
  artifactKey: Guid(66ea963d5caa42147a65b563915f3e0c) Importer(815301076,1909f56bfc062723c751e8b465ee728b)
Start importing Assets/Resources/Player.prefab using Guid(66ea963d5caa42147a65b563915f3e0c) Importer(815301076,1909f56bfc062723c751e8b465ee728b)  -> (artifact id: 'bc7457f016b34bc8e6471bab986eb6df') in 0.064145 seconds
  Import took 0.068839 seconds .

========================================================================
Received Import Request.
  Time since last request: 0.005508 seconds.
  path: Assets/Resources/Player.prefab
  artifactKey: Guid(66ea963d5caa42147a65b563915f3e0c) Importer(815301076,1909f56bfc062723c751e8b465ee728b)
Start importing Assets/Resources/Player.prefab using Guid(66ea963d5caa42147a65b563915f3e0c) Importer(815301076,1909f56bfc062723c751e8b465ee728b)  -> (artifact id: 'bc7457f016b34bc8e6471bab986eb6df') in 0.019438 seconds
  Import took 0.026942 seconds .

========================================================================
Received Import Request.
  Time since last request: 490.685115 seconds.
  path: Assets/PlayerInput.cs
  artifactKey: Guid(7f8889df6477f354aa72699d605a96f5) Importer(815301076,1909f56bfc062723c751e8b465ee728b)
Start importing Assets/PlayerInput.cs using Guid(7f8889df6477f354aa72699d605a96f5) Importer(815301076,1909f56bfc062723c751e8b465ee728b)  -> (artifact id: '28c96a9b41224cb34a539ccb286dbe2c') in 0.013970 seconds
  Import took 0.018655 seconds .

========================================================================
Received Prepare
Registering precompiled user dll's ...
Registered in 0.009420 seconds.
Begin MonoManager ReloadAssembly
Native extension for WindowsStandalone target not found
Native extension for WebGL target not found
Refreshing native plugins compatible for Editor in 0.57 ms, found 2 plugins.
Preloading 0 native plugins for Editor in 0.00 ms.
Mono: successfully reloaded assembly
- Completed reload, in  1.693 seconds
Platform modules already initialized, skipping
Refreshing native plugins compatible for Editor in 1.11 ms, found 2 plugins.
Preloading 0 native plugins for Editor in 0.00 ms.
Unloading 1605 Unused Serialized files (Serialized files now loaded: 0)
System memory in use before: 72.9 MB.
System memory in use after: 72.9 MB.

Unloading 19 unused Assets to reduce memory usage. Loaded Objects now: 2090.
Total: 3.067400 ms (FindLiveObjects: 0.266400 ms CreateObjectMapping: 0.094000 ms MarkObjects: 2.620600 ms  DeleteObjects: 0.084200 ms)

========================================================================
Received Import Request.
  Time since last request: 232.122914 seconds.
  path: Assets/PlayerInput.cs
  artifactKey: Guid(7f8889df6477f354aa72699d605a96f5) Importer(815301076,1909f56bfc062723c751e8b465ee728b)
Start importing Assets/PlayerInput.cs using Guid(7f8889df6477f354aa72699d605a96f5) Importer(815301076,1909f56bfc062723c751e8b465ee728b)  -> (artifact id: 'bb556ba79efc40a69f49168f23b11140') in 0.011531 seconds
  Import took 0.015727 seconds .

========================================================================
Received Import Request.
  Time since last request: 1.251077 seconds.
  path: Assets/Resources/Player.prefab
  artifactKey: Guid(66ea963d5caa42147a65b563915f3e0c) Importer(815301076,1909f56bfc062723c751e8b465ee728b)
Start importing Assets/Resources/Player.prefab using Guid(66ea963d5caa42147a65b563915f3e0c) Importer(815301076,1909f56bfc062723c751e8b465ee728b)  -> (artifact id: '1f95a5dc3722f9b524737ea94ee5e512') in 0.041260 seconds
  Import took 0.046753 seconds .

========================================================================
Received Import Request.
  Time since last request: 44.692316 seconds.
  path: Assets/Resources/Player.prefab
  artifactKey: Guid(66ea963d5caa42147a65b563915f3e0c) Importer(815301076,1909f56bfc062723c751e8b465ee728b)
Start importing Assets/Resources/Player.prefab using Guid(66ea963d5caa42147a65b563915f3e0c) Importer(815301076,1909f56bfc062723c751e8b465ee728b)  -> (artifact id: 'e0e3f2ddd6e8da3861ec6de834704d93') in 0.020065 seconds
  Import took 0.025156 seconds .

========================================================================
Received Prepare
Registering precompiled user dll's ...
Registered in 0.011020 seconds.
Begin MonoManager ReloadAssembly
Native extension for WindowsStandalone target not found
Native extension for WebGL target not found
Refreshing native plugins compatible for Editor in 1.14 ms, found 2 plugins.
Preloading 0 native plugins for Editor in 0.00 ms.
Mono: successfully reloaded assembly
- Completed reload, in  1.714 seconds
Platform modules already initialized, skipping
Refreshing native plugins compatible for Editor in 0.62 ms, found 2 plugins.
Preloading 0 native plugins for Editor in 0.00 ms.
Unloading 1605 Unused Serialized files (Serialized files now loaded: 0)
System memory in use before: 72.9 MB.
System memory in use after: 73.0 MB.

Unloading 19 unused Assets to reduce memory usage. Loaded Objects now: 2094.
Total: 3.023600 ms (FindLiveObjects: 0.192400 ms CreateObjectMapping: 0.086000 ms MarkObjects: 2.660800 ms  DeleteObjects: 0.082000 ms)

========================================================================
Received Import Request.
  Time since last request: 110.146984 seconds.
  path: Assets/Resources/Player.prefab
  artifactKey: Guid(66ea963d5caa42147a65b563915f3e0c) Importer(815301076,1909f56bfc062723c751e8b465ee728b)
Start importing Assets/Resources/Player.prefab using Guid(66ea963d5caa42147a65b563915f3e0c) Importer(815301076,1909f56bfc062723c751e8b465ee728b)  -> (artifact id: '6afb3eb0b9ab5786282809bdbeaedb8b') in 0.044179 seconds
  Import took 0.049702 seconds .

========================================================================
Received Prepare
Registering precompiled user dll's ...
Registered in 0.008179 seconds.
Begin MonoManager ReloadAssembly
Native extension for WindowsStandalone target not found
Native extension for WebGL target not found
Refreshing native plugins compatible for Editor in 1.21 ms, found 2 plugins.
Preloading 0 native plugins for Editor in 0.00 ms.
Mono: successfully reloaded assembly
- Completed reload, in  1.702 seconds
Platform modules already initialized, skipping
Refreshing native plugins compatible for Editor in 0.57 ms, found 2 plugins.
Preloading 0 native plugins for Editor in 0.00 ms.
Unloading 1605 Unused Serialized files (Serialized files now loaded: 0)
System memory in use before: 72.9 MB.
System memory in use after: 73.0 MB.

Unloading 19 unused Assets to reduce memory usage. Loaded Objects now: 2098.
Total: 4.258500 ms (FindLiveObjects: 0.469200 ms CreateObjectMapping: 0.113200 ms MarkObjects: 3.585600 ms  DeleteObjects: 0.086800 ms)

========================================================================
Received Import Request.
  Time since last request: 35.632004 seconds.
  path: Assets/Resources/Player.prefab
  artifactKey: Guid(66ea963d5caa42147a65b563915f3e0c) Importer(815301076,1909f56bfc062723c751e8b465ee728b)
Start importing Assets/Resources/Player.prefab using Guid(66ea963d5caa42147a65b563915f3e0c) Importer(815301076,1909f56bfc062723c751e8b465ee728b)  -> (artifact id: '4bdac144d9ba711843b9d95c81e01308') in 0.043291 seconds
  Import took 0.047800 seconds .

========================================================================
Received Prepare
Registering precompiled user dll's ...
Registered in 0.006166 seconds.
Begin MonoManager ReloadAssembly
Native extension for WindowsStandalone target not found
Native extension for WebGL target not found
Refreshing native plugins compatible for Editor in 0.63 ms, found 2 plugins.
Preloading 0 native plugins for Editor in 0.00 ms.
Mono: successfully reloaded assembly
- Completed reload, in  1.846 seconds
Platform modules already initialized, skipping
Refreshing native plugins compatible for Editor in 0.60 ms, found 2 plugins.
Preloading 0 native plugins for Editor in 0.00 ms.
Unloading 1605 Unused Serialized files (Serialized files now loaded: 0)
System memory in use before: 72.9 MB.
System memory in use after: 73.0 MB.

Unloading 19 unused Assets to reduce memory usage. Loaded Objects now: 2102.
Total: 5.062100 ms (FindLiveObjects: 0.610300 ms CreateObjectMapping: 0.113800 ms MarkObjects: 4.210400 ms  DeleteObjects: 0.122500 ms)

========================================================================
Received Import Request.
  Time since last request: 754.838953 seconds.
  path: Assets/Resources/Network UI.prefab
  artifactKey: Guid(1d8df82454f52744980b75f231bc8589) Importer(815301076,1909f56bfc062723c751e8b465ee728b)
Start importing Assets/Resources/Network UI.prefab using Guid(1d8df82454f52744980b75f231bc8589) Importer(815301076,1909f56bfc062723c751e8b465ee728b)  -> (artifact id: '2cea19868fe1b83a91a175fbde192684') in 0.079421 seconds
  Import took 0.084460 seconds .

========================================================================
Received Import Request.
  Time since last request: 2.559686 seconds.
  path: Assets/Resources/Network UI.prefab
  artifactKey: Guid(1d8df82454f52744980b75f231bc8589) Importer(815301076,1909f56bfc062723c751e8b465ee728b)
Start importing Assets/Resources/Network UI.prefab using Guid(1d8df82454f52744980b75f231bc8589) Importer(815301076,1909f56bfc062723c751e8b465ee728b)  -> (artifact id: '2cea19868fe1b83a91a175fbde192684') in 0.007895 seconds
  Import took 0.011551 seconds .

========================================================================
Received Prepare
Registering precompiled user dll's ...
Registered in 0.006428 seconds.
Begin MonoManager ReloadAssembly
Native extension for WindowsStandalone target not found
Native extension for WebGL target not found
Refreshing native plugins compatible for Editor in 1.45 ms, found 2 plugins.
Preloading 0 native plugins for Editor in 0.00 ms.
Mono: successfully reloaded assembly
- Completed reload, in  2.185 seconds
Platform modules already initialized, skipping
Refreshing native plugins compatible for Editor in 1.40 ms, found 2 plugins.
Preloading 0 native plugins for Editor in 0.00 ms.
Unloading 1605 Unused Serialized files (Serialized files now loaded: 0)
System memory in use before: 72.9 MB.
System memory in use after: 73.0 MB.

Unloading 20 unused Assets to reduce memory usage. Loaded Objects now: 2106.
Total: 2.811700 ms (FindLiveObjects: 0.222700 ms CreateObjectMapping: 0.090600 ms MarkObjects: 2.413100 ms  DeleteObjects: 0.083600 ms)

========================================================================
Received Prepare
Registering precompiled user dll's ...
Registered in 0.009605 seconds.
Begin MonoManager ReloadAssembly
Native extension for WindowsStandalone target not found
Native extension for WebGL target not found
Refreshing native plugins compatible for Editor in 0.59 ms, found 2 plugins.
Preloading 0 native plugins for Editor in 0.00 ms.
Mono: successfully reloaded assembly
- Completed reload, in  2.570 seconds
Platform modules already initialized, skipping
Refreshing native plugins compatible for Editor in 0.94 ms, found 2 plugins.
Preloading 0 native plugins for Editor in 0.00 ms.
Unloading 1605 Unused Serialized files (Serialized files now loaded: 0)
System memory in use before: 72.9 MB.
System memory in use after: 73.0 MB.

Unloading 19 unused Assets to reduce memory usage. Loaded Objects now: 2110.
Total: 9.984900 ms (FindLiveObjects: 0.230600 ms CreateObjectMapping: 0.094000 ms MarkObjects: 9.450100 ms  DeleteObjects: 0.206000 ms)

========================================================================
Received Prepare
Registering precompiled user dll's ...
Registered in 0.006281 seconds.
Begin MonoManager ReloadAssembly
Native extension for WindowsStandalone target not found
Native extension for WebGL target not found
Refreshing native plugins compatible for Editor in 1.55 ms, found 2 plugins.
Preloading 0 native plugins for Editor in 0.00 ms.
Mono: successfully reloaded assembly
- Completed reload, in  1.989 seconds
Platform modules already initialized, skipping
Refreshing native plugins compatible for Editor in 0.62 ms, found 2 plugins.
Preloading 0 native plugins for Editor in 0.00 ms.
Unloading 1605 Unused Serialized files (Serialized files now loaded: 0)
System memory in use before: 72.9 MB.
System memory in use after: 73.0 MB.

Unloading 19 unused Assets to reduce memory usage. Loaded Objects now: 2114.
Total: 4.366300 ms (FindLiveObjects: 0.432900 ms CreateObjectMapping: 0.107800 ms MarkObjects: 3.664800 ms  DeleteObjects: 0.157600 ms)

========================================================================
Received Prepare
Registering precompiled user dll's ...
Registered in 0.011821 seconds.
Begin MonoManager ReloadAssembly
Native extension for WindowsStandalone target not found
Native extension for WebGL target not found
Refreshing native plugins compatible for Editor in 0.94 ms, found 2 plugins.
Preloading 0 native plugins for Editor in 0.00 ms.
Mono: successfully reloaded assembly
- Completed reload, in  1.927 seconds
Platform modules already initialized, skipping
Refreshing native plugins compatible for Editor in 0.58 ms, found 2 plugins.
Preloading 0 native plugins for Editor in 0.00 ms.
Unloading 1605 Unused Serialized files (Serialized files now loaded: 0)
System memory in use before: 72.9 MB.
System memory in use after: 73.0 MB.

Unloading 19 unused Assets to reduce memory usage. Loaded Objects now: 2118.
Total: 5.001100 ms (FindLiveObjects: 0.602700 ms CreateObjectMapping: 0.138500 ms MarkObjects: 4.167000 ms  DeleteObjects: 0.089200 ms)

========================================================================
Received Prepare
Registering precompiled user dll's ...
Registered in 0.007547 seconds.
Begin MonoManager ReloadAssembly
Native extension for WindowsStandalone target not found
Native extension for WebGL target not found
Refreshing native plugins compatible for Editor in 0.93 ms, found 2 plugins.
Preloading 0 native plugins for Editor in 0.00 ms.
Mono: successfully reloaded assembly
- Completed reload, in  2.326 seconds
Platform modules already initialized, skipping
Refreshing native plugins compatible for Editor in 0.60 ms, found 2 plugins.
Preloading 0 native plugins for Editor in 0.00 ms.
Unloading 1605 Unused Serialized files (Serialized files now loaded: 0)
System memory in use before: 72.9 MB.
System memory in use after: 73.0 MB.

Unloading 19 unused Assets to reduce memory usage. Loaded Objects now: 2122.
Total: 4.593500 ms (FindLiveObjects: 0.269700 ms CreateObjectMapping: 0.097200 ms MarkObjects: 4.099300 ms  DeleteObjects: 0.124600 ms)

========================================================================
Received Prepare
Registering precompiled user dll's ...
Registered in 0.014478 seconds.
Begin MonoManager ReloadAssembly
Native extension for WindowsStandalone target not found
Native extension for WebGL target not found
Refreshing native plugins compatible for Editor in 0.98 ms, found 2 plugins.
Preloading 0 native plugins for Editor in 0.00 ms.
Mono: successfully reloaded assembly
- Completed reload, in  1.924 seconds
Platform modules already initialized, skipping
Refreshing native plugins compatible for Editor in 1.13 ms, found 2 plugins.
Preloading 0 native plugins for Editor in 0.00 ms.
Unloading 1605 Unused Serialized files (Serialized files now loaded: 0)
System memory in use before: 72.9 MB.
System memory in use after: 73.0 MB.

Unloading 19 unused Assets to reduce memory usage. Loaded Objects now: 2126.
Total: 3.132900 ms (FindLiveObjects: 0.213700 ms CreateObjectMapping: 0.089000 ms MarkObjects: 2.741700 ms  DeleteObjects: 0.086000 ms)

========================================================================
Received Import Request.
  Time since last request: 3771.252902 seconds.
  path: Assets/Resources/Network UI.prefab
  artifactKey: Guid(1d8df82454f52744980b75f231bc8589) Importer(815301076,1909f56bfc062723c751e8b465ee728b)
Start importing Assets/Resources/Network UI.prefab using Guid(1d8df82454f52744980b75f231bc8589) Importer(815301076,1909f56bfc062723c751e8b465ee728b)  -> (artifact id: 'e0952f7c5b36b00840ddf49d9c59cf51') in 0.089099 seconds
  Import took 0.093957 seconds .

========================================================================
Received Import Request.
  Time since last request: 27.908875 seconds.
  path: Assets/Resources/Network UI.prefab
  artifactKey: Guid(1d8df82454f52744980b75f231bc8589) Importer(815301076,1909f56bfc062723c751e8b465ee728b)
Start importing Assets/Resources/Network UI.prefab using Guid(1d8df82454f52744980b75f231bc8589) Importer(815301076,1909f56bfc062723c751e8b465ee728b)  -> (artifact id: 'f04869fef4657965d2a78117c1db6f53') in 0.011591 seconds
  Import took 0.016924 seconds .

========================================================================
Received Import Request.
  Time since last request: 46.623834 seconds.
  path: Assets/AssignPlayer.cs
  artifactKey: Guid(068deb074edc26644b004608a7c4c39a) Importer(815301076,1909f56bfc062723c751e8b465ee728b)
Start importing Assets/AssignPlayer.cs using Guid(068deb074edc26644b004608a7c4c39a) Importer(815301076,1909f56bfc062723c751e8b465ee728b)  -> (artifact id: '669607748af55a99d6c1e9123cb80cf5') in 0.009705 seconds
  Import took 0.015676 seconds .

========================================================================
Received Import Request.
  Time since last request: 0.001596 seconds.
  path: Assets/AssignPlayer.cs
  artifactKey: Guid(068deb074edc26644b004608a7c4c39a) Importer(815301076,1909f56bfc062723c751e8b465ee728b)
Start importing Assets/AssignPlayer.cs using Guid(068deb074edc26644b004608a7c4c39a) Importer(815301076,1909f56bfc062723c751e8b465ee728b)  -> (artifact id: '669607748af55a99d6c1e9123cb80cf5') in 0.005766 seconds
  Import took 0.010291 seconds .

========================================================================
Received Prepare
Registering precompiled user dll's ...
Registered in 0.009229 seconds.
Begin MonoManager ReloadAssembly
Native extension for WindowsStandalone target not found
Native extension for WebGL target not found
Refreshing native plugins compatible for Editor in 0.68 ms, found 2 plugins.
Preloading 0 native plugins for Editor in 0.00 ms.
Mono: successfully reloaded assembly
- Completed reload, in  1.743 seconds
Platform modules already initialized, skipping
Refreshing native plugins compatible for Editor in 1.17 ms, found 2 plugins.
Preloading 0 native plugins for Editor in 0.00 ms.
Unloading 1605 Unused Serialized files (Serialized files now loaded: 0)
System memory in use before: 73.0 MB.
System memory in use after: 73.0 MB.

Unloading 20 unused Assets to reduce memory usage. Loaded Objects now: 2130.
Total: 2.966800 ms (FindLiveObjects: 0.212100 ms CreateObjectMapping: 0.085600 ms MarkObjects: 2.572700 ms  DeleteObjects: 0.093400 ms)

========================================================================
Received Prepare
Registering precompiled user dll's ...
Registered in 0.007786 seconds.
Begin MonoManager ReloadAssembly
Native extension for WindowsStandalone target not found
Native extension for WebGL target not found
Refreshing native plugins compatible for Editor in 0.66 ms, found 2 plugins.
Preloading 0 native plugins for Editor in 0.00 ms.
Mono: successfully reloaded assembly
- Completed reload, in  1.889 seconds
Platform modules already initialized, skipping
Refreshing native plugins compatible for Editor in 0.56 ms, found 2 plugins.
Preloading 0 native plugins for Editor in 0.00 ms.
Unloading 1605 Unused Serialized files (Serialized files now loaded: 0)
System memory in use before: 73.0 MB.
System memory in use after: 73.0 MB.

Unloading 19 unused Assets to reduce memory usage. Loaded Objects now: 2134.
Total: 4.377400 ms (FindLiveObjects: 0.489500 ms CreateObjectMapping: 0.115900 ms MarkObjects: 3.657100 ms  DeleteObjects: 0.110400 ms)

========================================================================
Received Prepare
Registering precompiled user dll's ...
Registered in 0.006507 seconds.
Begin MonoManager ReloadAssembly
Native extension for WindowsStandalone target not found
Native extension for WebGL target not found
Refreshing native plugins compatible for Editor in 0.63 ms, found 2 plugins.
Preloading 0 native plugins for Editor in 0.00 ms.
Mono: successfully reloaded assembly
- Completed reload, in  1.776 seconds
Platform modules already initialized, skipping
Refreshing native plugins compatible for Editor in 0.57 ms, found 2 plugins.
Preloading 0 native plugins for Editor in 0.00 ms.
Unloading 1605 Unused Serialized files (Serialized files now loaded: 0)
System memory in use before: 73.0 MB.
System memory in use after: 73.0 MB.

Unloading 19 unused Assets to reduce memory usage. Loaded Objects now: 2138.
Total: 4.592200 ms (FindLiveObjects: 0.529400 ms CreateObjectMapping: 0.128000 ms MarkObjects: 3.851600 ms  DeleteObjects: 0.080000 ms)

========================================================================
Received Prepare
Registering precompiled user dll's ...
Registered in 0.007331 seconds.
Begin MonoManager ReloadAssembly
Native extension for WindowsStandalone target not found
Native extension for WebGL target not found
Refreshing native plugins compatible for Editor in 0.59 ms, found 2 plugins.
Preloading 0 native plugins for Editor in 0.00 ms.
Mono: successfully reloaded assembly
- Completed reload, in  1.755 seconds
Platform modules already initialized, skipping
Refreshing native plugins compatible for Editor in 0.67 ms, found 2 plugins.
Preloading 0 native plugins for Editor in 0.00 ms.
Unloading 1605 Unused Serialized files (Serialized files now loaded: 0)
System memory in use before: 73.0 MB.
System memory in use after: 73.0 MB.

Unloading 19 unused Assets to reduce memory usage. Loaded Objects now: 2142.
Total: 2.954900 ms (FindLiveObjects: 0.262900 ms CreateObjectMapping: 0.107100 ms MarkObjects: 2.505000 ms  DeleteObjects: 0.076800 ms)

========================================================================
Received Prepare
Registering precompiled user dll's ...
Registered in 0.006435 seconds.
Begin MonoManager ReloadAssembly
Native extension for WindowsStandalone target not found
Native extension for WebGL target not found
Refreshing native plugins compatible for Editor in 0.57 ms, found 2 plugins.
Preloading 0 native plugins for Editor in 0.00 ms.
Mono: successfully reloaded assembly
- Completed reload, in  1.865 seconds
Platform modules already initialized, skipping
Refreshing native plugins compatible for Editor in 0.59 ms, found 2 plugins.
Preloading 0 native plugins for Editor in 0.00 ms.
Unloading 1605 Unused Serialized files (Serialized files now loaded: 0)
System memory in use before: 73.0 MB.
System memory in use after: 73.1 MB.

Unloading 19 unused Assets to reduce memory usage. Loaded Objects now: 2146.
Total: 5.624100 ms (FindLiveObjects: 0.505500 ms CreateObjectMapping: 0.105000 ms MarkObjects: 4.842000 ms  DeleteObjects: 0.167600 ms)

========================================================================
Received Prepare
Registering precompiled user dll's ...
Registered in 0.008279 seconds.
Begin MonoManager ReloadAssembly
Native extension for WindowsStandalone target not found
Native extension for WebGL target not found
Refreshing native plugins compatible for Editor in 0.61 ms, found 2 plugins.
Preloading 0 native plugins for Editor in 0.00 ms.
Mono: successfully reloaded assembly
- Completed reload, in  1.867 seconds
Platform modules already initialized, skipping
Refreshing native plugins compatible for Editor in 1.36 ms, found 2 plugins.
Preloading 0 native plugins for Editor in 0.00 ms.
Unloading 1605 Unused Serialized files (Serialized files now loaded: 0)
System memory in use before: 73.0 MB.
System memory in use after: 73.1 MB.

Unloading 19 unused Assets to reduce memory usage. Loaded Objects now: 2150.
Total: 3.381100 ms (FindLiveObjects: 0.315000 ms CreateObjectMapping: 0.105600 ms MarkObjects: 2.883000 ms  DeleteObjects: 0.075500 ms)

AssetImportWorkerClient::OnTransportError - code=2 error=End of file
